<?xml version="1.0" encoding="UTF-8"?>
<testsuite xmlns:xsi="http://www.w3.org/2001/XMLSchema-instance" xsi:noNamespaceSchemaLocation="https://maven.apache.org/surefire/maven-surefire-plugin/xsd/surefire-test-report-3.0.xsd" version="3.0" name="com.lin.webtemplate.query.TutoringInfoQueryControllerTest" time="0.117" tests="2" errors="0" skipped="0" failures="0">
  <properties>
[...]
</properties>
  <testcase name="list_shouldSupportKeywordFilterAndSalarySort" classname="com.lin.webtemplate.query.TutoringInfoQueryControllerTest" time="0.079">
    <system-out><![CDATA[2026-02-16T11:38:00.560+08:00  INFO 20002 --- [           main] t.c.s.AnnotationConfigContextLoaderUtils : Could not detect default configuration classes for test class [com.lin.webtemplate.query.TutoringInfoQueryControllerTest]: TutoringInfoQueryControllerTest does not declare any static, non-private, non-final, nested classes annotated with @Configuration.
2026-02-16T11:38:00.567+08:00  INFO 20002 --- [           main] .b.t.c.SpringBootTestContextBootstrapper : Found @SpringBootConfiguration com.lin.webtemplate.WebTemplateApplication for test class com.lin.webtemplate.query.TutoringInfoQueryControllerTest
]]></system-out>
  </testcase>
  <testcase name="detail_shouldReturnStructuredFieldsById" classname="com.lin.webtemplate.query.TutoringInfoQueryControllerTest" time="0.013"/>
</testsuite>