<?xml version="1.0" encoding="UTF-8"?>
<testsuite xmlns:xsi="http://www.w3.org/2001/XMLSchema-instance" xsi:noNamespaceSchemaLocation="https://maven.apache.org/surefire/maven-surefire-plugin/xsd/surefire-test-report-3.0.xsd" version="3.0" name="com.lin.webtemplate.TutoringInfoQueryControllerTest" time="4.603" tests="3" errors="0" skipped="0" failures="0">
  <properties>
[...]
</properties>
  <testcase name="pageQuery_shouldWriteControllerAndServiceLog(CapturedOutput)" classname="com.lin.webtemplate.TutoringInfoQueryControllerTest" time="2.115">
    <system-out><![CDATA[
  .   ____          _            __ _ _
 /\\ / ___'_ __ _ _(_)_ __  __ _ \ \ \ \
( ( )\___ | '_ | '_| | '_ \/ _` | \ \ \ \
 \\/  ___)| |_)| | | | | || (_| |  ) ) ) )
  '  |____| .__|_| |_|_| |_\__, | / / / /
 =========|_|==============|___/=/_/_/_/

 :: Spring Boot ::                (v3.3.2)

2026-02-21T20:14:59.348+08:00  INFO 63934 --- [           main] c.l.w.TutoringInfoQueryControllerTest    : Starting TutoringInfoQueryControllerTest using Java 17.0.18 with PID 63934 (started by linjiayi in /Users/linjiayi/IdeaHouse/tutoring_system/java/test)
2026-02-21T20:14:59.350+08:00  INFO 63934 --- [           main] c.l.w.TutoringInfoQueryControllerTest    : No active profile set, falling back to 1 default profile: "default"
2026-02-21T20:15:00.272+08:00  INFO 63934 --- [           main] com.zaxxer.hikari.HikariDataSource       : HikariPool-1 - Starting...
2026-02-21T20:15:00.470+08:00  INFO 63934 --- [           main] com.zaxxer.hikari.pool.HikariPool        : HikariPool-1 - Added connection com.mysql.cj.jdbc.ConnectionImpl@2c0c4c0a
2026-02-21T20:15:00.472+08:00  INFO 63934 --- [           main] com.zaxxer.hikari.HikariDataSource       : HikariPool-1 - Start completed.
2026-02-21T20:15:00.970+08:00  INFO 63934 --- [           main] o.s.b.t.m.w.SpringBootMockServletContext : Initializing Spring TestDispatcherServlet ''
2026-02-21T20:15:00.970+08:00  INFO 63934 --- [           main] o.s.t.web.servlet.TestDispatcherServlet  : Initializing Servlet ''
2026-02-21T20:15:00.971+08:00  INFO 63934 --- [           main] o.s.t.web.servlet.TestDispatcherServlet  : Completed initialization in 1 ms
2026-02-21T20:15:00.988+08:00  INFO 63934 --- [           main] c.l.w.TutoringInfoQueryControllerTest    : Started TutoringInfoQueryControllerTest in 1.803 seconds (process running for 2.351)
2026-02-21T20:15:02.192+08:00  INFO 63934 --- [           main] c.l.w.s.c.TutoringInfoController         : TutoringInfoController.pageQuery start, pageNo=1, pageSize=10, sortOrder=null
2026-02-21T20:15:02.193+08:00  INFO 63934 --- [           main] c.l.w.s.s.TutoringInfoQueryService       : TutoringInfoQueryService.pageQuery start, queryDTO=TutoringInfoPageQueryDTO(pageNo=1, pageSize=10, sortOrder=null, contentKeyword=null, gradeKeyword=null, subjectKeyword=null, addressKeyword=null, timeKeyword=null, salaryKeyword=null, teacherKeyword=null)
2026-02-21T20:15:02.474+08:00  INFO 63934 --- [           main] c.l.w.s.s.TutoringInfoQueryService       : TutoringInfoQueryService.pageQuery done, pageNo=1, pageSize=10, total=3, records=3
2026-02-21T20:15:02.474+08:00  INFO 63934 --- [           main] c.l.w.s.c.TutoringInfoController         : TutoringInfoController.pageQuery done, pageNo=1, pageSize=10, total=3, records=3
]]></system-out>
  </testcase>
  <testcase name="pageQuery_shouldSupportFuzzyFilterAndDescSort" classname="com.lin.webtemplate.TutoringInfoQueryControllerTest" time="0.327">
    <system-out><![CDATA[2026-02-21T20:15:03.376+08:00  INFO 63934 --- [           main] c.l.w.s.c.TutoringInfoController         : TutoringInfoController.pageQuery start, pageNo=1, pageSize=10, sortOrder=desc
2026-02-21T20:15:03.376+08:00  INFO 63934 --- [           main] c.l.w.s.s.TutoringInfoQueryService       : TutoringInfoQueryService.pageQuery start, queryDTO=TutoringInfoPageQueryDTO(pageNo=1, pageSize=10, sortOrder=desc, contentKeyword=null, gradeKeyword=null, subjectKeyword=英语, addressKeyword=滨江, timeKeyword=null, salaryKeyword=null, teacherKeyword=null)
2026-02-21T20:15:03.389+08:00  INFO 63934 --- [           main] c.l.w.s.s.TutoringInfoQueryService       : TutoringInfoQueryService.pageQuery done, pageNo=1, pageSize=10, total=1, records=1
2026-02-21T20:15:03.390+08:00  INFO 63934 --- [           main] c.l.w.s.c.TutoringInfoController         : TutoringInfoController.pageQuery done, pageNo=1, pageSize=10, total=1, records=1
]]></system-out>
  </testcase>
  <testcase name="pageQuery_shouldSupportAscSortByPublishedAt" classname="com.lin.webtemplate.TutoringInfoQueryControllerTest" time="0.134">
    <system-out><![CDATA[2026-02-21T20:15:03.504+08:00  INFO 63934 --- [           main] c.l.w.s.c.TutoringInfoController         : TutoringInfoController.pageQuery start, pageNo=1, pageSize=2, sortOrder=asc
2026-02-21T20:15:03.504+08:00  INFO 63934 --- [           main] c.l.w.s.s.TutoringInfoQueryService       : TutoringInfoQueryService.pageQuery start, queryDTO=TutoringInfoPageQueryDTO(pageNo=1, pageSize=2, sortOrder=asc, contentKeyword=null, gradeKeyword=null, subjectKeyword=null, addressKeyword=null, timeKeyword=null, salaryKeyword=null, teacherKeyword=null)
2026-02-21T20:15:03.516+08:00  INFO 63934 --- [           main] c.l.w.s.s.TutoringInfoQueryService       : TutoringInfoQueryService.pageQuery done, pageNo=1, pageSize=2, total=3, records=2
2026-02-21T20:15:03.517+08:00  INFO 63934 --- [           main] c.l.w.s.c.TutoringInfoController         : TutoringInfoController.pageQuery done, pageNo=1, pageSize=2, total=3, records=2
]]></system-out>
  </testcase>
</testsuite>