<?xml version="1.0" encoding="UTF-8"?>
<testsuite xmlns:xsi="http://www.w3.org/2001/XMLSchema-instance" xsi:noNamespaceSchemaLocation="https://maven.apache.org/surefire/maven-surefire-plugin/xsd/surefire-test-report-3.0.xsd" version="3.0" name="com.lin.webtemplate.AdminRuntimeLogControllerTest" time="1.097" tests="4" errors="0" skipped="0" failures="0">
  <properties>
[...]
</properties>
  <testcase name="queryRuntimeLogs_shouldReturnPythonTaskLogsWithUnifiedFormat" classname="com.lin.webtemplate.AdminRuntimeLogControllerTest" time="0.366">
    <system-out><![CDATA[
  .   ____          _            __ _ _
 /\\ / ___'_ __ _ _(_)_ __  __ _ \ \ \ \
( ( )\___ | '_ | '_| | '_ \/ _` | \ \ \ \
 \\/  ___)| |_)| | | | | || (_| |  ) ) ) )
  '  |____| .__|_| |_|_| |_\__, | / / / /
 =========|_|==============|___/=/_/_/_/

 :: Spring Boot ::                (v3.3.2)

2026-02-21T20:03:54.564+08:00  INFO 39261 --- [           main] c.l.w.AdminRuntimeLogControllerTest      : Starting AdminRuntimeLogControllerTest using Java 17.0.18 with PID 39261 (started by linjiayi in /Users/linjiayi/IdeaHouse/tutoring_system/java/test)
2026-02-21T20:03:54.564+08:00  INFO 39261 --- [           main] c.l.w.AdminRuntimeLogControllerTest      : No active profile set, falling back to 1 default profile: "default"
2026-02-21T20:03:54.671+08:00  INFO 39261 --- [           main] com.zaxxer.hikari.HikariDataSource       : HikariPool-3 - Starting...
2026-02-21T20:03:54.675+08:00  INFO 39261 --- [           main] com.zaxxer.hikari.pool.HikariPool        : HikariPool-3 - Added connection com.mysql.cj.jdbc.ConnectionImpl@4626f584
2026-02-21T20:03:54.675+08:00  INFO 39261 --- [           main] com.zaxxer.hikari.HikariDataSource       : HikariPool-3 - Start completed.
2026-02-21T20:03:54.716+08:00  INFO 39261 --- [           main] o.s.b.t.m.w.SpringBootMockServletContext : Initializing Spring TestDispatcherServlet ''
2026-02-21T20:03:54.716+08:00  INFO 39261 --- [           main] o.s.t.web.servlet.TestDispatcherServlet  : Initializing Servlet ''
2026-02-21T20:03:54.716+08:00  INFO 39261 --- [           main] o.s.t.web.servlet.TestDispatcherServlet  : Completed initialization in 0 ms
2026-02-21T20:03:54.720+08:00  INFO 39261 --- [           main] c.l.w.AdminRuntimeLogControllerTest      : Started AdminRuntimeLogControllerTest in 0.164 seconds (process running for 4.96)
2026-02-21T20:03:54.986+08:00  INFO 39261 --- [           main] c.l.w.s.controller.AdminAuthController   : AdminAuthController.login start, username=admin
2026-02-21T20:03:54.986+08:00  INFO 39261 --- [           main] c.l.w.service.service.AdminAuthService   : AdminAuthService.login start, username=admin
2026-02-21T20:03:55.072+08:00  INFO 39261 --- [           main] c.l.w.service.service.AdminAuthService   : AdminAuthService.login done, userId=88, username=admin
2026-02-21T20:03:55.073+08:00  INFO 39261 --- [           main] c.l.w.s.controller.AdminAuthController   : AdminAuthController.login done, userId=88, username=admin
2026-02-21T20:03:55.077+08:00  INFO 39261 --- [           main] c.l.w.s.c.AdminRuntimeLogController      : AdminRuntimeLogController.query start, runtime=python, level=null, limit=null
2026-02-21T20:03:55.077+08:00  INFO 39261 --- [           main] c.l.w.s.service.AdminRuntimeLogService   : AdminRuntimeLogService.query start, runtime=python, level=null, keyword=keyword-hit, startTime=2026-02-21T20:00:54.971128, endTime=2026-02-21T20:02:54.971128, limit=null
2026-02-21T20:03:55.084+08:00  INFO 39261 --- [           main] c.l.w.s.service.AdminRuntimeLogService   : AdminRuntimeLogService.query done, runtime=python, totalCount=1
2026-02-21T20:03:55.084+08:00  INFO 39261 --- [           main] c.l.w.s.c.AdminRuntimeLogController      : AdminRuntimeLogController.query done, runtime=python, totalCount=1
]]></system-out>
  </testcase>
  <testcase name="queryRuntimeLogs_shouldWriteControllerAndServiceLog(CapturedOutput)" classname="com.lin.webtemplate.AdminRuntimeLogControllerTest" time="0.191">
    <system-out><![CDATA[2026-02-21T20:03:55.186+08:00  INFO 39261 --- [           main] c.l.w.s.controller.AdminAuthController   : AdminAuthController.login start, username=admin
2026-02-21T20:03:55.186+08:00  INFO 39261 --- [           main] c.l.w.service.service.AdminAuthService   : AdminAuthService.login start, username=admin
2026-02-21T20:03:55.271+08:00  INFO 39261 --- [           main] c.l.w.service.service.AdminAuthService   : AdminAuthService.login done, userId=89, username=admin
2026-02-21T20:03:55.271+08:00  INFO 39261 --- [           main] c.l.w.s.controller.AdminAuthController   : AdminAuthController.login done, userId=89, username=admin
2026-02-21T20:03:55.272+08:00  INFO 39261 --- [           main] c.l.w.s.c.AdminRuntimeLogController      : AdminRuntimeLogController.query start, runtime=java, level=null, limit=10
2026-02-21T20:03:55.272+08:00  INFO 39261 --- [           main] c.l.w.s.service.AdminRuntimeLogService   : AdminRuntimeLogService.query start, runtime=java, level=null, keyword=null, startTime=null, endTime=null, limit=10
2026-02-21T20:03:55.273+08:00  INFO 39261 --- [           main] c.l.w.s.service.AdminRuntimeLogService   : AdminRuntimeLogService.query done, runtime=java, totalCount=0
2026-02-21T20:03:55.273+08:00  INFO 39261 --- [           main] c.l.w.s.c.AdminRuntimeLogController      : AdminRuntimeLogController.query done, runtime=java, totalCount=0
]]></system-out>
  </testcase>
  <testcase name="queryRuntimeLogs_shouldFilterJavaLogsByKeywordTimeAndLevel" classname="com.lin.webtemplate.AdminRuntimeLogControllerTest" time="0.187">
    <system-out><![CDATA[2026-02-21T20:03:55.377+08:00  INFO 39261 --- [           main] c.l.w.s.controller.AdminAuthController   : AdminAuthController.login start, username=admin
2026-02-21T20:03:55.377+08:00  INFO 39261 --- [           main] c.l.w.service.service.AdminAuthService   : AdminAuthService.login start, username=admin
2026-02-21T20:03:55.462+08:00  INFO 39261 --- [           main] c.l.w.service.service.AdminAuthService   : AdminAuthService.login done, userId=90, username=admin
2026-02-21T20:03:55.462+08:00  INFO 39261 --- [           main] c.l.w.s.controller.AdminAuthController   : AdminAuthController.login done, userId=90, username=admin
2026-02-21T20:03:55.463+08:00  INFO 39261 --- [           main] c.l.w.s.c.AdminRuntimeLogController      : AdminRuntimeLogController.query start, runtime=java, level=ERROR, limit=null
2026-02-21T20:03:55.463+08:00  INFO 39261 --- [           main] c.l.w.s.service.AdminRuntimeLogService   : AdminRuntimeLogService.query start, runtime=java, level=ERROR, keyword=keyword-hit, startTime=2026-02-21T19:57:55.374944, endTime=2026-02-21T20:00:55.374944, limit=null
2026-02-21T20:03:55.464+08:00  INFO 39261 --- [           main] c.l.w.s.service.AdminRuntimeLogService   : AdminRuntimeLogService.query done, runtime=java, totalCount=1
2026-02-21T20:03:55.464+08:00  INFO 39261 --- [           main] c.l.w.s.c.AdminRuntimeLogController      : AdminRuntimeLogController.query done, runtime=java, totalCount=1
]]></system-out>
  </testcase>
  <testcase name="queryRuntimeLogs_withUnknownRuntime_shouldReturnBadRequest" classname="com.lin.webtemplate.AdminRuntimeLogControllerTest" time="0.177">
    <system-out><![CDATA[2026-02-21T20:03:55.556+08:00  INFO 39261 --- [           main] c.l.w.s.controller.AdminAuthController   : AdminAuthController.login start, username=admin
2026-02-21T20:03:55.557+08:00  INFO 39261 --- [           main] c.l.w.service.service.AdminAuthService   : AdminAuthService.login start, username=admin
2026-02-21T20:03:55.641+08:00  INFO 39261 --- [           main] c.l.w.service.service.AdminAuthService   : AdminAuthService.login done, userId=91, username=admin
2026-02-21T20:03:55.641+08:00  INFO 39261 --- [           main] c.l.w.s.controller.AdminAuthController   : AdminAuthController.login done, userId=91, username=admin
2026-02-21T20:03:55.642+08:00  INFO 39261 --- [           main] c.l.w.s.c.AdminRuntimeLogController      : AdminRuntimeLogController.query start, runtime=ruby, level=null, limit=null
2026-02-21T20:03:55.642+08:00  INFO 39261 --- [           main] c.l.w.s.service.AdminRuntimeLogService   : AdminRuntimeLogService.query start, runtime=ruby, level=null, keyword=null, startTime=null, endTime=null, limit=null
2026-02-21T20:03:55.642+08:00  WARN 39261 --- [           main] c.l.w.s.c.AdminRuntimeLogController      : AdminRuntimeLogController.query validation failed, code=RUNTIME_INVALID, message=runtime 仅支持 java 或 python
]]></system-out>
  </testcase>
</testsuite>